<?xml version="1.0" encoding="UTF-8"?>
<!-- Generated by org.testng.reporters.JUnitXMLReporter -->
<testsuite ignored="2" hostname="DESKTOP-GTEVIFT" failures="0" tests="2" name="TestRunner 2" time="38.258" errors="0" timestamp="2023-10-09T15:04:12 IST">
  <testcase classname="testScripts.AmazonTest" name="Test1" time="0.0">
    <skipped/>
  </testcase> <!-- Test1 -->
  <testcase classname="testScripts.FlipkartTest" name="TestScript2" time="0.0">
    <skipped/>
  </testcase> <!-- TestScript2 -->
  <testcase classname="genericUlities.BaseClass" name="@BeforeSuite config_Bs" time="0.0">
    <ignored/>
  </testcase> <!-- @BeforeSuite config_Bs -->
  <testcase classname="genericUlities.BaseClass" name="@AfterSuite config_AS" time="0.0">
    <ignored/>
  </testcase> <!-- @AfterSuite config_AS -->
</testsuite> <!-- TestRunner 2 -->
