<?xml version="1.0" encoding="UTF-8"?>
<!-- Generated by org.testng.reporters.JUnitXMLReporter -->
<testsuite ignored="2" hostname="DESKTOP-GTEVIFT" failures="0" tests="2" name="TestRunner 1" time="35.885" errors="0" timestamp="2023-10-09T15:04:10 IST">
  <testcase classname="genericUlities.BaseClass" name="@BeforeClass config_BC" time="21.326">
    <failure type="java.lang.NullPointerException" message="Cannot invoke &amp;quot;org.openqa.selenium.WebDriver.manage()&amp;quot; because &amp;quot;driver&amp;quot; is null">
      <![CDATA[java.lang.NullPointerException: Cannot invoke "org.openqa.selenium.WebDriver.manage()" because "driver" is null
at genericUlities.WebDriverUtility.maximize(WebDriverUtility.java:10)
at genericUlities.BaseClass.config_BC(BaseClass.java:56)
at java.base/java.util.ArrayList.forEach(ArrayList.java:1511)
at java.base/java.util.concurrent.FutureTask.run(FutureTask.java:264)
at java.base/java.util.concurrent.ThreadPoolExecutor.runWorker(ThreadPoolExecutor.java:1136)
at java.base/java.util.concurrent.ThreadPoolExecutor$Worker.run(ThreadPoolExecutor.java:635)
at java.base/java.lang.Thread.run(Thread.java:833)
... Removed 15 stack frames]]>
    </failure>
  </testcase> <!-- @BeforeClass config_BC -->
  <testcase classname="genericUlities.BaseClass" name="@BeforeMethod config_BM" time="0.0">
    <skipped/>
  </testcase> <!-- @BeforeMethod config_BM -->
  <testcase classname="genericUlities.BaseClass" name="@AfterMethod config_AM" time="0.0">
    <skipped/>
  </testcase> <!-- @AfterMethod config_AM -->
  <testcase classname="genericUlities.BaseClass" name="@AfterClass config_AC" time="0.0">
    <skipped/>
  </testcase> <!-- @AfterClass config_AC -->
  <testcase classname="genericUlities.BaseClass" name="@BeforeClass config_BC" time="23.504">
    <failure type="java.lang.NullPointerException" message="Cannot invoke &amp;quot;org.openqa.selenium.WebDriver.manage()&amp;quot; because &amp;quot;driver&amp;quot; is null">
      <![CDATA[java.lang.NullPointerException: Cannot invoke "org.openqa.selenium.WebDriver.manage()" because "driver" is null
at genericUlities.WebDriverUtility.maximize(WebDriverUtility.java:10)
at genericUlities.BaseClass.config_BC(BaseClass.java:56)
at java.base/java.util.ArrayList.forEach(ArrayList.java:1511)
at java.base/java.util.concurrent.FutureTask.run(FutureTask.java:264)
at java.base/java.util.concurrent.ThreadPoolExecutor.runWorker(ThreadPoolExecutor.java:1136)
at java.base/java.util.concurrent.ThreadPoolExecutor$Worker.run(ThreadPoolExecutor.java:635)
at java.base/java.lang.Thread.run(Thread.java:833)
... Removed 15 stack frames]]>
    </failure>
  </testcase> <!-- @BeforeClass config_BC -->
  <testcase classname="genericUlities.BaseClass" name="@BeforeMethod config_BM" time="0.0">
    <skipped/>
  </testcase> <!-- @BeforeMethod config_BM -->
  <testcase classname="genericUlities.BaseClass" name="@AfterMethod config_AM" time="0.0">
    <skipped/>
  </testcase> <!-- @AfterMethod config_AM -->
  <testcase classname="genericUlities.BaseClass" name="@AfterClass config_AC" time="0.0">
    <skipped/>
  </testcase> <!-- @AfterClass config_AC -->
  <testcase classname="genericUlities.BaseClass" name="@BeforeClass config_BC" time="14.304">
    <failure type="java.lang.NullPointerException" message="Cannot invoke &amp;quot;org.openqa.selenium.WebDriver.manage()&amp;quot; because &amp;quot;driver&amp;quot; is null">
      <![CDATA[java.lang.NullPointerException: Cannot invoke "org.openqa.selenium.WebDriver.manage()" because "driver" is null
at genericUlities.WebDriverUtility.maximize(WebDriverUtility.java:10)
at genericUlities.BaseClass.config_BC(BaseClass.java:56)
at java.base/java.util.ArrayList.forEach(ArrayList.java:1511)
at java.base/java.util.concurrent.FutureTask.run(FutureTask.java:264)
at java.base/java.util.concurrent.ThreadPoolExecutor.runWorker(ThreadPoolExecutor.java:1136)
at java.base/java.util.concurrent.ThreadPoolExecutor$Worker.run(ThreadPoolExecutor.java:635)
at java.base/java.lang.Thread.run(Thread.java:833)
... Removed 15 stack frames]]>
    </failure>
  </testcase> <!-- @BeforeClass config_BC -->
  <testcase classname="genericUlities.BaseClass" name="@BeforeMethod config_BM" time="0.0">
    <skipped/>
  </testcase> <!-- @BeforeMethod config_BM -->
  <testcase classname="genericUlities.BaseClass" name="@AfterMethod config_AM" time="0.0">
    <skipped/>
  </testcase> <!-- @AfterMethod config_AM -->
  <testcase classname="genericUlities.BaseClass" name="@AfterClass config_AC" time="0.0">
    <skipped/>
  </testcase> <!-- @AfterClass config_AC -->
  <testcase classname="testScripts.AmazonTest" name="Test1" time="0.0">
    <skipped/>
  </testcase> <!-- Test1 -->
  <testcase classname="testScripts.FlipkartTest" name="TestScript2" time="0.0">
    <skipped/>
  </testcase> <!-- TestScript2 -->
  <testcase classname="genericUlities.BaseClass" name="@AfterSuite config_AS" time="0.0">
    <ignored/>
  </testcase> <!-- @AfterSuite config_AS -->
  <testcase classname="genericUlities.BaseClass" name="@BeforeSuite config_Bs" time="0.0">
    <ignored/>
  </testcase> <!-- @BeforeSuite config_Bs -->
</testsuite> <!-- TestRunner 1 -->
